Determining if the pthread_create exist failed with the following output:
Change Dir: /home/nao/bilhr23ss/workspace/build/tutorial_2/CMakeFiles/CMakeTmp

Run Build Command:"/usr/bin/make" "cmTC_0e7b8/fast"
/usr/bin/make -f CMakeFiles/cmTC_0e7b8.dir/build.make CMakeFiles/cmTC_0e7b8.dir/build
make[1]: Entering directory '/home/nao/bilhr23ss/workspace/build/tutorial_2/CMakeFiles/CMakeTmp'
/usr/bin/cmake: /home/nao/pynaoqi/libssl.so.1.0.0: no version information available (required by /usr/lib/x86_64-linux-gnu/libcurl.so.4)
/usr/bin/cmake: /home/nao/pynaoqi/libssl.so.1.0.0: no version information available (required by /usr/lib/x86_64-linux-gnu/libcurl.so.4)
/usr/bin/cmake: /home/nao/pynaoqi/libssl.so.1.0.0: no version information available (required by /usr/lib/x86_64-linux-gnu/libcurl.so.4)
/usr/bin/cmake: /home/nao/pynaoqi/libcrypto.so.1.0.0: no version information available (required by /usr/lib/x86_64-linux-gnu/libcurl.so.4)
Building C object CMakeFiles/cmTC_0e7b8.dir/CheckSymbolExists.c.o
/usr/bin/cc     -o CMakeFiles/cmTC_0e7b8.dir/CheckSymbolExists.c.o   -c /home/nao/bilhr23ss/workspace/build/tutorial_2/CMakeFiles/CMakeTmp/CheckSymbolExists.c
/usr/bin/cmake: /home/nao/pynaoqi/libssl.so.1.0.0: no version information available (required by /usr/lib/x86_64-linux-gnu/libcurl.so.4)
/usr/bin/cmake: /home/nao/pynaoqi/libssl.so.1.0.0: no version information available (required by /usr/lib/x86_64-linux-gnu/libcurl.so.4)
/usr/bin/cmake: /home/nao/pynaoqi/libssl.so.1.0.0: no version information available (required by /usr/lib/x86_64-linux-gnu/libcurl.so.4)
/usr/bin/cmake: /home/nao/pynaoqi/libcrypto.so.1.0.0: no version information available (required by /usr/lib/x86_64-linux-gnu/libcurl.so.4)
Linking C executable cmTC_0e7b8
/usr/bin/cmake -E cmake_link_script CMakeFiles/cmTC_0e7b8.dir/link.txt --verbose=1
/usr/bin/cmake: /home/nao/pynaoqi/libssl.so.1.0.0: no version information available (required by /usr/lib/x86_64-linux-gnu/libcurl.so.4)
/usr/bin/cmake: /home/nao/pynaoqi/libssl.so.1.0.0: no version information available (required by /usr/lib/x86_64-linux-gnu/libcurl.so.4)
/usr/bin/cmake: /home/nao/pynaoqi/libssl.so.1.0.0: no version information available (required by /usr/lib/x86_64-linux-gnu/libcurl.so.4)
/usr/bin/cmake: /home/nao/pynaoqi/libcrypto.so.1.0.0: no version information available (required by /usr/lib/x86_64-linux-gnu/libcurl.so.4)
/usr/bin/cc       CMakeFiles/cmTC_0e7b8.dir/CheckSymbolExists.c.o  -o cmTC_0e7b8 -rdynamic 
CMakeFiles/cmTC_0e7b8.dir/CheckSymbolExists.c.o: In function `main':
CheckSymbolExists.c:(.text+0x16): undefined reference to `pthread_create'
collect2: error: ld returned 1 exit status
CMakeFiles/cmTC_0e7b8.dir/build.make:97: recipe for target 'cmTC_0e7b8' failed
make[1]: *** [cmTC_0e7b8] Error 1
make[1]: Leaving directory '/home/nao/bilhr23ss/workspace/build/tutorial_2/CMakeFiles/CMakeTmp'
Makefile:126: recipe for target 'cmTC_0e7b8/fast' failed
make: *** [cmTC_0e7b8/fast] Error 2

File /home/nao/bilhr23ss/workspace/build/tutorial_2/CMakeFiles/CMakeTmp/CheckSymbolExists.c:
/* */
#include <pthread.h>

int main(int argc, char** argv)
{
  (void)argv;
#ifndef pthread_create
  return ((int*)(&pthread_create))[argc];
#else
  (void)argc;
  return 0;
#endif
}

Determining if the function pthread_create exists in the pthreads failed with the following output:
Change Dir: /home/nao/bilhr23ss/workspace/build/tutorial_2/CMakeFiles/CMakeTmp

Run Build Command:"/usr/bin/make" "cmTC_d9c44/fast"
/usr/bin/make -f CMakeFiles/cmTC_d9c44.dir/build.make CMakeFiles/cmTC_d9c44.dir/build
make[1]: Entering directory '/home/nao/bilhr23ss/workspace/build/tutorial_2/CMakeFiles/CMakeTmp'
/usr/bin/cmake: /home/nao/pynaoqi/libssl.so.1.0.0: no version information available (required by /usr/lib/x86_64-linux-gnu/libcurl.so.4)
/usr/bin/cmake: /home/nao/pynaoqi/libssl.so.1.0.0: no version information available (required by /usr/lib/x86_64-linux-gnu/libcurl.so.4)
/usr/bin/cmake: /home/nao/pynaoqi/libssl.so.1.0.0: no version information available (required by /usr/lib/x86_64-linux-gnu/libcurl.so.4)
/usr/bin/cmake: /home/nao/pynaoqi/libcrypto.so.1.0.0: no version information available (required by /usr/lib/x86_64-linux-gnu/libcurl.so.4)
Building C object CMakeFiles/cmTC_d9c44.dir/CheckFunctionExists.c.o
/usr/bin/cc    -DCHECK_FUNCTION_EXISTS=pthread_create   -o CMakeFiles/cmTC_d9c44.dir/CheckFunctionExists.c.o   -c /usr/share/cmake-3.5/Modules/CheckFunctionExists.c
/usr/bin/cmake: /home/nao/pynaoqi/libssl.so.1.0.0: no version information available (required by /usr/lib/x86_64-linux-gnu/libcurl.so.4)
/usr/bin/cmake: /home/nao/pynaoqi/libssl.so.1.0.0: no version information available (required by /usr/lib/x86_64-linux-gnu/libcurl.so.4)
/usr/bin/cmake: /home/nao/pynaoqi/libssl.so.1.0.0: no version information available (required by /usr/lib/x86_64-linux-gnu/libcurl.so.4)
/usr/bin/cmake: /home/nao/pynaoqi/libcrypto.so.1.0.0: no version information available (required by /usr/lib/x86_64-linux-gnu/libcurl.so.4)
Linking C executable cmTC_d9c44
/usr/bin/cmake -E cmake_link_script CMakeFiles/cmTC_d9c44.dir/link.txt --verbose=1
/usr/bin/cmake: /home/nao/pynaoqi/libssl.so.1.0.0: no version information available (required by /usr/lib/x86_64-linux-gnu/libcurl.so.4)
/usr/bin/cmake: /home/nao/pynaoqi/libssl.so.1.0.0: no version information available (required by /usr/lib/x86_64-linux-gnu/libcurl.so.4)
/usr/bin/cmake: /home/nao/pynaoqi/libssl.so.1.0.0: no version information available (required by /usr/lib/x86_64-linux-gnu/libcurl.so.4)
/usr/bin/cmake: /home/nao/pynaoqi/libcrypto.so.1.0.0: no version information available (required by /usr/lib/x86_64-linux-gnu/libcurl.so.4)
/usr/bin/cc   -DCHECK_FUNCTION_EXISTS=pthread_create    CMakeFiles/cmTC_d9c44.dir/CheckFunctionExists.c.o  -o cmTC_d9c44 -rdynamic -lpthreads 
/usr/bin/ld: cannot find -lpthreads
collect2: error: ld returned 1 exit status
CMakeFiles/cmTC_d9c44.dir/build.make:97: recipe for target 'cmTC_d9c44' failed
make[1]: *** [cmTC_d9c44] Error 1
make[1]: Leaving directory '/home/nao/bilhr23ss/workspace/build/tutorial_2/CMakeFiles/CMakeTmp'
Makefile:126: recipe for target 'cmTC_d9c44/fast' failed
make: *** [cmTC_d9c44/fast] Error 2


