Determining if the pthread_create exist failed with the following output:
Change Dir: /home/nao/bilhr23ss/workspace/build/tutorial_4/CMakeFiles/CMakeTmp

Run Build Command:"/usr/bin/make" "cmTC_950d7/fast"
/usr/bin/make -f CMakeFiles/cmTC_950d7.dir/build.make CMakeFiles/cmTC_950d7.dir/build
make[1]: Entering directory '/home/nao/bilhr23ss/workspace/build/tutorial_4/CMakeFiles/CMakeTmp'
/usr/bin/cmake: /home/nao/pynaoqi/libssl.so.1.0.0: no version information available (required by /usr/lib/x86_64-linux-gnu/libcurl.so.4)
/usr/bin/cmake: /home/nao/pynaoqi/libssl.so.1.0.0: no version information available (required by /usr/lib/x86_64-linux-gnu/libcurl.so.4)
/usr/bin/cmake: /home/nao/pynaoqi/libssl.so.1.0.0: no version information available (required by /usr/lib/x86_64-linux-gnu/libcurl.so.4)
/usr/bin/cmake: /home/nao/pynaoqi/libcrypto.so.1.0.0: no version information available (required by /usr/lib/x86_64-linux-gnu/libcurl.so.4)
Building C object CMakeFiles/cmTC_950d7.dir/CheckSymbolExists.c.o
/usr/bin/cc     -o CMakeFiles/cmTC_950d7.dir/CheckSymbolExists.c.o   -c /home/nao/bilhr23ss/workspace/build/tutorial_4/CMakeFiles/CMakeTmp/CheckSymbolExists.c
/usr/bin/cmake: /home/nao/pynaoqi/libssl.so.1.0.0: no version information available (required by /usr/lib/x86_64-linux-gnu/libcurl.so.4)
/usr/bin/cmake: /home/nao/pynaoqi/libssl.so.1.0.0: no version information available (required by /usr/lib/x86_64-linux-gnu/libcurl.so.4)
/usr/bin/cmake: /home/nao/pynaoqi/libssl.so.1.0.0: no version information available (required by /usr/lib/x86_64-linux-gnu/libcurl.so.4)
/usr/bin/cmake: /home/nao/pynaoqi/libcrypto.so.1.0.0: no version information available (required by /usr/lib/x86_64-linux-gnu/libcurl.so.4)
Linking C executable cmTC_950d7
/usr/bin/cmake -E cmake_link_script CMakeFiles/cmTC_950d7.dir/link.txt --verbose=1
/usr/bin/cmake: /home/nao/pynaoqi/libssl.so.1.0.0: no version information available (required by /usr/lib/x86_64-linux-gnu/libcurl.so.4)
/usr/bin/cmake: /home/nao/pynaoqi/libssl.so.1.0.0: no version information available (required by /usr/lib/x86_64-linux-gnu/libcurl.so.4)
/usr/bin/cmake: /home/nao/pynaoqi/libssl.so.1.0.0: no version information available (required by /usr/lib/x86_64-linux-gnu/libcurl.so.4)
/usr/bin/cmake: /home/nao/pynaoqi/libcrypto.so.1.0.0: no version information available (required by /usr/lib/x86_64-linux-gnu/libcurl.so.4)
/usr/bin/cc       CMakeFiles/cmTC_950d7.dir/CheckSymbolExists.c.o  -o cmTC_950d7 -rdynamic 
CMakeFiles/cmTC_950d7.dir/CheckSymbolExists.c.o: In function `main':
CheckSymbolExists.c:(.text+0x16): undefined reference to `pthread_create'
collect2: error: ld returned 1 exit status
CMakeFiles/cmTC_950d7.dir/build.make:97: recipe for target 'cmTC_950d7' failed
make[1]: *** [cmTC_950d7] Error 1
make[1]: Leaving directory '/home/nao/bilhr23ss/workspace/build/tutorial_4/CMakeFiles/CMakeTmp'
Makefile:126: recipe for target 'cmTC_950d7/fast' failed
make: *** [cmTC_950d7/fast] Error 2

File /home/nao/bilhr23ss/workspace/build/tutorial_4/CMakeFiles/CMakeTmp/CheckSymbolExists.c:
/* */
#include <pthread.h>

int main(int argc, char** argv)
{
  (void)argv;
#ifndef pthread_create
  return ((int*)(&pthread_create))[argc];
#else
  (void)argc;
  return 0;
#endif
}

Determining if the function pthread_create exists in the pthreads failed with the following output:
Change Dir: /home/nao/bilhr23ss/workspace/build/tutorial_4/CMakeFiles/CMakeTmp

Run Build Command:"/usr/bin/make" "cmTC_b3ee3/fast"
/usr/bin/make -f CMakeFiles/cmTC_b3ee3.dir/build.make CMakeFiles/cmTC_b3ee3.dir/build
make[1]: Entering directory '/home/nao/bilhr23ss/workspace/build/tutorial_4/CMakeFiles/CMakeTmp'
/usr/bin/cmake: /home/nao/pynaoqi/libssl.so.1.0.0: no version information available (required by /usr/lib/x86_64-linux-gnu/libcurl.so.4)
/usr/bin/cmake: /home/nao/pynaoqi/libssl.so.1.0.0: no version information available (required by /usr/lib/x86_64-linux-gnu/libcurl.so.4)
/usr/bin/cmake: /home/nao/pynaoqi/libssl.so.1.0.0: no version information available (required by /usr/lib/x86_64-linux-gnu/libcurl.so.4)
/usr/bin/cmake: /home/nao/pynaoqi/libcrypto.so.1.0.0: no version information available (required by /usr/lib/x86_64-linux-gnu/libcurl.so.4)
Building C object CMakeFiles/cmTC_b3ee3.dir/CheckFunctionExists.c.o
/usr/bin/cc    -DCHECK_FUNCTION_EXISTS=pthread_create   -o CMakeFiles/cmTC_b3ee3.dir/CheckFunctionExists.c.o   -c /usr/share/cmake-3.5/Modules/CheckFunctionExists.c
/usr/bin/cmake: /home/nao/pynaoqi/libssl.so.1.0.0: no version information available (required by /usr/lib/x86_64-linux-gnu/libcurl.so.4)
/usr/bin/cmake: /home/nao/pynaoqi/libssl.so.1.0.0: no version information available (required by /usr/lib/x86_64-linux-gnu/libcurl.so.4)
/usr/bin/cmake: /home/nao/pynaoqi/libssl.so.1.0.0: no version information available (required by /usr/lib/x86_64-linux-gnu/libcurl.so.4)
/usr/bin/cmake: /home/nao/pynaoqi/libcrypto.so.1.0.0: no version information available (required by /usr/lib/x86_64-linux-gnu/libcurl.so.4)
Linking C executable cmTC_b3ee3
/usr/bin/cmake -E cmake_link_script CMakeFiles/cmTC_b3ee3.dir/link.txt --verbose=1
/usr/bin/cmake: /home/nao/pynaoqi/libssl.so.1.0.0: no version information available (required by /usr/lib/x86_64-linux-gnu/libcurl.so.4)
/usr/bin/cmake: /home/nao/pynaoqi/libssl.so.1.0.0: no version information available (required by /usr/lib/x86_64-linux-gnu/libcurl.so.4)
/usr/bin/cmake: /home/nao/pynaoqi/libssl.so.1.0.0: no version information available (required by /usr/lib/x86_64-linux-gnu/libcurl.so.4)
/usr/bin/cmake: /home/nao/pynaoqi/libcrypto.so.1.0.0: no version information available (required by /usr/lib/x86_64-linux-gnu/libcurl.so.4)
/usr/bin/cc   -DCHECK_FUNCTION_EXISTS=pthread_create    CMakeFiles/cmTC_b3ee3.dir/CheckFunctionExists.c.o  -o cmTC_b3ee3 -rdynamic -lpthreads 
/usr/bin/ld: cannot find -lpthreads
collect2: error: ld returned 1 exit status
CMakeFiles/cmTC_b3ee3.dir/build.make:97: recipe for target 'cmTC_b3ee3' failed
make[1]: *** [cmTC_b3ee3] Error 1
make[1]: Leaving directory '/home/nao/bilhr23ss/workspace/build/tutorial_4/CMakeFiles/CMakeTmp'
Makefile:126: recipe for target 'cmTC_b3ee3/fast' failed
make: *** [cmTC_b3ee3/fast] Error 2


